[0.009s] Invoking command in '/home/yhg/Documents/docs/zhongli/cpp_version/build/ros2_zhongli_bridge_cpp': CMAKE_PREFIX_PATH=/opt/ros/humble /usr/bin/cmake /home/yhg/Documents/docs/zhongli/cpp_version -DCMAKE_INSTALL_PREFIX=/home/yhg/Documents/docs/zhongli/cpp_version/install/ros2_zhongli_bridge_cpp
[0.034s] -- Found ament_cmake: 1.3.12 (/opt/ros/humble/share/ament_cmake/cmake)
[0.127s] -- Override CMake install command with custom implementation using symlinks instead of copying resources
[0.144s] -- Found rclcpp: 16.0.14 (/opt/ros/humble/share/rclcpp/cmake)
[0.180s] -- Found rosidl_generator_c: 3.1.7 (/opt/ros/humble/share/rosidl_generator_c/cmake)
[0.183s] -- Found rosidl_adapter: 3.1.7 (/opt/ros/humble/share/rosidl_adapter/cmake)
[0.188s] -- Found rosidl_generator_cpp: 3.1.7 (/opt/ros/humble/share/rosidl_generator_cpp/cmake)
[0.199s] -- Using all available rosidl_typesupport_c: rosidl_typesupport_fastrtps_c;rosidl_typesupport_introspection_c
[0.209s] -- Using all available rosidl_typesupport_cpp: rosidl_typesupport_fastrtps_cpp;rosidl_typesupport_introspection_cpp
[0.240s] -- Found rmw_implementation_cmake: 6.1.2 (/opt/ros/humble/share/rmw_implementation_cmake/cmake)
[0.241s] -- Found rmw_fastrtps_cpp: 6.2.8 (/opt/ros/humble/share/rmw_fastrtps_cpp/cmake)
[0.332s] -- Using RMW implementation 'rmw_fastrtps_cpp' as default
[0.384s] -- Found geometry_msgs: 4.9.0 (/opt/ros/humble/share/geometry_msgs/cmake)
[0.393s] -- Found nav_msgs: 4.9.0 (/opt/ros/humble/share/nav_msgs/cmake)
[0.403s] -- Found nav2_msgs: 1.1.18 (/opt/ros/humble/share/nav2_msgs/cmake)
[0.438s] -- Found tf2_ros: 0.25.16 (/opt/ros/humble/share/tf2_ros/cmake)
[0.489s] -- Found tf2_geometry_msgs: 0.25.16 (/opt/ros/humble/share/tf2_geometry_msgs/cmake)
[0.492s] -- Found eigen3_cmake_module: 0.1.1 (/opt/ros/humble/share/eigen3_cmake_module/cmake)
[0.493s] -- Ensuring Eigen3 include directory is part of orocos-kdl CMake target
[0.505s] -- Found mosquitto via pkg-config: mosquitto
[0.505s] -- Found mosquitto headers: 
[0.510s] -- Found ament_lint_auto: 0.12.14 (/opt/ros/humble/share/ament_lint_auto/cmake)
[0.512s] -- Found ament_cmake_gtest: 1.3.12 (/opt/ros/humble/share/ament_cmake_gtest/cmake)
[0.574s] -- Configuring done
[0.594s] -- Generating done
[0.599s] -- Build files have been written to: /home/yhg/Documents/docs/zhongli/cpp_version/build/ros2_zhongli_bridge_cpp
[0.605s] Invoked command in '/home/yhg/Documents/docs/zhongli/cpp_version/build/ros2_zhongli_bridge_cpp' returned '0': CMAKE_PREFIX_PATH=/opt/ros/humble /usr/bin/cmake /home/yhg/Documents/docs/zhongli/cpp_version -DCMAKE_INSTALL_PREFIX=/home/yhg/Documents/docs/zhongli/cpp_version/install/ros2_zhongli_bridge_cpp
[0.606s] Invoking command in '/home/yhg/Documents/docs/zhongli/cpp_version/build/ros2_zhongli_bridge_cpp': CMAKE_PREFIX_PATH=/opt/ros/humble /usr/bin/cmake --build /home/yhg/Documents/docs/zhongli/cpp_version/build/ros2_zhongli_bridge_cpp -- -j20 -l20
[0.651s] Consolidate compiler generated dependencies of target zhongli_protocol_types
[0.669s] [ 18%] Built target zhongli_protocol_types
[0.687s] Consolidate compiler generated dependencies of target zhongli_mqtt_client
[0.703s] [ 36%] Built target zhongli_mqtt_client
[0.725s] Consolidate compiler generated dependencies of target ros2_zhongli_bridge
[0.759s] [ 45%] Building CXX object src/lib/CMakeFiles/ros2_zhongli_bridge.dir/path_converter.cpp.o
[0.760s] [ 54%] Building CXX object src/lib/CMakeFiles/ros2_zhongli_bridge.dir/ros2_zhongli_bridge.cpp.o
[2.532s] In file included from /opt/ros/humble/include/rclcpp/rclcpp/logging.hpp:24,
[2.532s]                  from /opt/ros/humble/include/rclcpp/rclcpp/client.hpp:40,
[2.532s]                  from /opt/ros/humble/include/rclcpp/rclcpp/callback_group.hpp:24,
[2.532s]                  from /opt/ros/humble/include/rclcpp/rclcpp/any_executable.hpp:20,
[2.532s]                  from /opt/ros/humble/include/rclcpp/rclcpp/memory_strategy.hpp:25,
[2.532s]                  from /opt/ros/humble/include/rclcpp/rclcpp/memory_strategies.hpp:18,
[2.532s]                  from /opt/ros/humble/include/rclcpp/rclcpp/executor_options.hpp:20,
[2.532s]                  from /opt/ros/humble/include/rclcpp/rclcpp/executor.hpp:37,
[2.532s]                  from /opt/ros/humble/include/rclcpp/rclcpp/executors/multi_threaded_executor.hpp:25,
[2.532s]                  from /opt/ros/humble/include/rclcpp/rclcpp/executors.hpp:21,
[2.532s]                  from /opt/ros/humble/include/rclcpp/rclcpp/rclcpp.hpp:155,
[2.532s]                  from /home/yhg/Documents/docs/zhongli/cpp_version/src/include/ros2_zhongli_bridge.hpp:3,
[2.532s]                  from /home/yhg/Documents/docs/zhongli/cpp_version/src/lib/ros2_zhongli_bridge.cpp:1:
[2.532s] /home/yhg/Documents/docs/zhongli/cpp_version/src/lib/ros2_zhongli_bridge.cpp: In member function ‘bool zhongli_bridge::ROS2ZhongliBridge::initialize()’:
[2.532s] /home/yhg/Documents/docs/zhongli/cpp_version/src/lib/ros2_zhongli_bridge.cpp:30:41: warning: zero-length gnu_printf format string [-Wformat-zero-length]
[2.532s]    30 |         RCLCPP_INFO(this->get_logger(), "");
[2.532s]       |                                         ^~
[2.533s] /home/yhg/Documents/docs/zhongli/cpp_version/src/lib/ros2_zhongli_bridge.cpp:42:41: warning: zero-length gnu_printf format string [-Wformat-zero-length]
[2.533s]    42 |         RCLCPP_INFO(this->get_logger(), "");
[2.533s]       |                                         ^~
[12.834s] [ 63%] Linking CXX shared library libros2_zhongli_bridge.so
[13.591s] [ 63%] Built target ros2_zhongli_bridge
[13.601s] Consolidate compiler generated dependencies of target test_real_plan_subscription
[13.604s] Consolidate compiler generated dependencies of target zhongli_bridge_node
[13.616s] [ 72%] Building CXX object src/tests/CMakeFiles/test_real_plan_subscription.dir/test_real_plan_subscription.cpp.o
[13.617s] [ 81%] Building CXX object CMakeFiles/zhongli_bridge_node.dir/src/main.cpp.o
[15.210s] In file included from /usr/include/c++/11/memory:76,
[15.210s]                  from /opt/ros/humble/include/rclcpp/rclcpp/rclcpp.hpp:153,
[15.210s]                  from /home/yhg/Documents/docs/zhongli/cpp_version/src/tests/test_real_plan_subscription.cpp:1:
[15.210s] /usr/include/c++/11/bits/unique_ptr.h: In instantiation of ‘typename std::_MakeUniq<_Tp>::__single_object std::make_unique(_Args&& ...) [with _Tp = zhongli_bridge::PathConverter; _Args = {std::__cxx11::basic_string<char, std::char_traits<char>, std::allocator<char> >&, double, double}; typename std::_MakeUniq<_Tp>::__single_object = std::unique_ptr<zhongli_bridge::PathConverter>]’:
[15.210s] /home/yhg/Documents/docs/zhongli/cpp_version/src/tests/test_real_plan_subscription.cpp:23:58:   required from here
[15.210s] /usr/include/c++/11/bits/unique_ptr.h:962:30: error: no matching function for call to ‘zhongli_bridge::PathConverter::PathConverter(std::__cxx11::basic_string<char>&, double, double)’
[15.211s]   962 |     { return unique_ptr<_Tp>(new _Tp(std::forward<_Args>(__args)...)); }
[15.211s]       |                              ^~~~~~~~~~~~~~~~~~~~~~~~~~~~~~~~~~~~~~~
[15.211s] In file included from /home/yhg/Documents/docs/zhongli/cpp_version/src/tests/test_real_plan_subscription.cpp:4:
[15.211s] /home/yhg/Documents/docs/zhongli/cpp_version/src/include/path_converter.hpp:27:5: note: candidate: ‘zhongli_bridge::PathConverter::PathConverter(const string&, double)’
[15.211s]    27 |     PathConverter(const std::string& robot_id,
[15.211s]       |     ^~~~~~~~~~~~~
[15.211s] /home/yhg/Documents/docs/zhongli/cpp_version/src/include/path_converter.hpp:27:5: note:   candidate expects 2 arguments, 3 provided
[15.211s] /home/yhg/Documents/docs/zhongli/cpp_version/src/include/path_converter.hpp:19:7: note: candidate: ‘zhongli_bridge::PathConverter::PathConverter(const zhongli_bridge::PathConverter&)’
[15.211s]    19 | class PathConverter {
[15.211s]       |       ^~~~~~~~~~~~~
[15.211s] /home/yhg/Documents/docs/zhongli/cpp_version/src/include/path_converter.hpp:19:7: note:   candidate expects 1 argument, 3 provided
[15.211s] /home/yhg/Documents/docs/zhongli/cpp_version/src/include/path_converter.hpp:19:7: note: candidate: ‘zhongli_bridge::PathConverter::PathConverter(zhongli_bridge::PathConverter&&)’
[15.211s] /home/yhg/Documents/docs/zhongli/cpp_version/src/include/path_converter.hpp:19:7: note:   candidate expects 1 argument, 3 provided
[16.196s] [ 90%] Linking CXX executable zhongli_bridge_node
[16.475s] [ 90%] Built target zhongli_bridge_node
[16.699s] gmake[2]: *** [src/tests/CMakeFiles/test_real_plan_subscription.dir/build.make:76: src/tests/CMakeFiles/test_real_plan_subscription.dir/test_real_plan_subscription.cpp.o] Error 1
[16.699s] gmake[1]: *** [CMakeFiles/Makefile2:285: src/tests/CMakeFiles/test_real_plan_subscription.dir/all] Error 2
[16.699s] gmake: *** [Makefile:146: all] Error 2
[16.701s] Invoked command in '/home/yhg/Documents/docs/zhongli/cpp_version/build/ros2_zhongli_bridge_cpp' returned '2': CMAKE_PREFIX_PATH=/opt/ros/humble /usr/bin/cmake --build /home/yhg/Documents/docs/zhongli/cpp_version/build/ros2_zhongli_bridge_cpp -- -j20 -l20
