[0.008s] Invoking command in '/home/yhg/Documents/docs/zhongli/cpp_version/build/ros2_zhongli_bridge_cpp': CMAKE_PREFIX_PATH=/opt/ros/humble /usr/bin/cmake /home/yhg/Documents/docs/zhongli/cpp_version -DAMENT_CMAKE_SYMLINK_INSTALL=1 -DCMAKE_INSTALL_PREFIX=/home/yhg/Documents/docs/zhongli/cpp_version/install/ros2_zhongli_bridge_cpp
[0.041s] -- Found ament_cmake: 1.3.12 (/opt/ros/humble/share/ament_cmake/cmake)
[0.159s] -- Override CMake install command with custom implementation using symlinks instead of copying resources
[0.174s] -- Found rclcpp: 16.0.14 (/opt/ros/humble/share/rclcpp/cmake)
[0.226s] -- Found rosidl_generator_c: 3.1.7 (/opt/ros/humble/share/rosidl_generator_c/cmake)
[0.232s] -- Found rosidl_adapter: 3.1.7 (/opt/ros/humble/share/rosidl_adapter/cmake)
[0.246s] -- Found rosidl_generator_cpp: 3.1.7 (/opt/ros/humble/share/rosidl_generator_cpp/cmake)
[0.263s] -- Using all available rosidl_typesupport_c: rosidl_typesupport_fastrtps_c;rosidl_typesupport_introspection_c
[0.277s] -- Using all available rosidl_typesupport_cpp: rosidl_typesupport_fastrtps_cpp;rosidl_typesupport_introspection_cpp
[0.319s] -- Found rmw_implementation_cmake: 6.1.2 (/opt/ros/humble/share/rmw_implementation_cmake/cmake)
[0.322s] -- Found rmw_fastrtps_cpp: 6.2.8 (/opt/ros/humble/share/rmw_fastrtps_cpp/cmake)
[0.423s] -- Using RMW implementation 'rmw_fastrtps_cpp' as default
[0.461s] -- Found geometry_msgs: 4.9.0 (/opt/ros/humble/share/geometry_msgs/cmake)
[0.470s] -- Found nav_msgs: 4.9.0 (/opt/ros/humble/share/nav_msgs/cmake)
[0.484s] -- Found nav2_msgs: 1.1.18 (/opt/ros/humble/share/nav2_msgs/cmake)
[0.537s] -- Found tf2_ros: 0.25.16 (/opt/ros/humble/share/tf2_ros/cmake)
[0.581s] -- Found tf2_geometry_msgs: 0.25.16 (/opt/ros/humble/share/tf2_geometry_msgs/cmake)
[0.585s] -- Found eigen3_cmake_module: 0.1.1 (/opt/ros/humble/share/eigen3_cmake_module/cmake)
[0.586s] -- Ensuring Eigen3 include directory is part of orocos-kdl CMake target
[0.600s] -- Found mosquitto via pkg-config: mosquitto
[0.600s] -- Found mosquitto headers: 
[0.611s] -- Found ament_lint_auto: 0.12.14 (/opt/ros/humble/share/ament_lint_auto/cmake)
[0.613s] -- Found ament_cmake_gtest: 1.3.12 (/opt/ros/humble/share/ament_cmake_gtest/cmake)
[0.666s] -- Configuring done
[0.685s] -- Generating done
[0.690s] -- Build files have been written to: /home/yhg/Documents/docs/zhongli/cpp_version/build/ros2_zhongli_bridge_cpp
[0.697s] Invoked command in '/home/yhg/Documents/docs/zhongli/cpp_version/build/ros2_zhongli_bridge_cpp' returned '0': CMAKE_PREFIX_PATH=/opt/ros/humble /usr/bin/cmake /home/yhg/Documents/docs/zhongli/cpp_version -DAMENT_CMAKE_SYMLINK_INSTALL=1 -DCMAKE_INSTALL_PREFIX=/home/yhg/Documents/docs/zhongli/cpp_version/install/ros2_zhongli_bridge_cpp
[0.698s] Invoking command in '/home/yhg/Documents/docs/zhongli/cpp_version/build/ros2_zhongli_bridge_cpp': CMAKE_PREFIX_PATH=/opt/ros/humble /usr/bin/cmake --build /home/yhg/Documents/docs/zhongli/cpp_version/build/ros2_zhongli_bridge_cpp -- -j20 -l20
[0.740s] Consolidate compiler generated dependencies of target zhongli_protocol_types
[0.760s] [  9%] Building CXX object src/lib/CMakeFiles/zhongli_protocol_types.dir/zhongli_protocol_types.cpp.o
[1.704s] [ 18%] Linking CXX shared library libzhongli_protocol_types.so
[1.768s] [ 18%] Built target zhongli_protocol_types
[1.779s] Consolidate compiler generated dependencies of target zhongli_mqtt_client
[1.794s] [ 27%] Building CXX object src/lib/CMakeFiles/zhongli_mqtt_client.dir/zhongli_mqtt_client.cpp.o
[3.441s] [ 36%] Linking CXX shared library libzhongli_mqtt_client.so
[3.519s] [ 36%] Built target zhongli_mqtt_client
[3.532s] Consolidate compiler generated dependencies of target ros2_zhongli_bridge
[3.568s] [ 54%] Building CXX object src/lib/CMakeFiles/ros2_zhongli_bridge.dir/ros2_zhongli_bridge.cpp.o
[3.568s] [ 54%] Building CXX object src/lib/CMakeFiles/ros2_zhongli_bridge.dir/path_converter.cpp.o
[5.297s] In file included from /opt/ros/humble/include/rclcpp/rclcpp/logging.hpp:24,
[5.297s]                  from /opt/ros/humble/include/rclcpp/rclcpp/client.hpp:40,
[5.297s]                  from /opt/ros/humble/include/rclcpp/rclcpp/callback_group.hpp:24,
[5.297s]                  from /opt/ros/humble/include/rclcpp/rclcpp/any_executable.hpp:20,
[5.297s]                  from /opt/ros/humble/include/rclcpp/rclcpp/memory_strategy.hpp:25,
[5.297s]                  from /opt/ros/humble/include/rclcpp/rclcpp/memory_strategies.hpp:18,
[5.297s]                  from /opt/ros/humble/include/rclcpp/rclcpp/executor_options.hpp:20,
[5.297s]                  from /opt/ros/humble/include/rclcpp/rclcpp/executor.hpp:37,
[5.297s]                  from /opt/ros/humble/include/rclcpp/rclcpp/executors/multi_threaded_executor.hpp:25,
[5.297s]                  from /opt/ros/humble/include/rclcpp/rclcpp/executors.hpp:21,
[5.297s]                  from /opt/ros/humble/include/rclcpp/rclcpp/rclcpp.hpp:155,
[5.297s]                  from /home/yhg/Documents/docs/zhongli/cpp_version/src/include/ros2_zhongli_bridge.hpp:3,
[5.297s]                  from /home/yhg/Documents/docs/zhongli/cpp_version/src/lib/ros2_zhongli_bridge.cpp:1:
[5.297s] /home/yhg/Documents/docs/zhongli/cpp_version/src/lib/ros2_zhongli_bridge.cpp: In member function ‘bool zhongli_bridge::ROS2ZhongliBridge::initialize()’:
[5.297s] /home/yhg/Documents/docs/zhongli/cpp_version/src/lib/ros2_zhongli_bridge.cpp:27:41: warning: zero-length gnu_printf format string [-Wformat-zero-length]
[5.297s]    27 |         RCLCPP_INFO(this->get_logger(), "");
[5.297s]       |                                         ^~
[5.298s] /home/yhg/Documents/docs/zhongli/cpp_version/src/lib/ros2_zhongli_bridge.cpp:39:41: warning: zero-length gnu_printf format string [-Wformat-zero-length]
[5.298s]    39 |         RCLCPP_INFO(this->get_logger(), "");
[5.298s]       |                                         ^~
[18.111s] [ 63%] Linking CXX shared library libros2_zhongli_bridge.so
[19.152s] [ 63%] Built target ros2_zhongli_bridge
[19.162s] Consolidate compiler generated dependencies of target test_real_plan_subscription
[19.162s] Consolidate compiler generated dependencies of target zhongli_bridge_node
[19.171s] [ 72%] Building CXX object src/tests/CMakeFiles/test_real_plan_subscription.dir/test_real_plan_subscription.cpp.o
[19.172s] [ 81%] Building CXX object CMakeFiles/zhongli_bridge_node.dir/src/main.cpp.o
[21.736s] [ 90%] Linking CXX executable zhongli_bridge_node
[22.062s] [ 90%] Built target zhongli_bridge_node
[24.396s] [100%] Linking CXX executable test_real_plan_subscription
[24.865s] [100%] Built target test_real_plan_subscription
[24.874s] Invoked command in '/home/yhg/Documents/docs/zhongli/cpp_version/build/ros2_zhongli_bridge_cpp' returned '0': CMAKE_PREFIX_PATH=/opt/ros/humble /usr/bin/cmake --build /home/yhg/Documents/docs/zhongli/cpp_version/build/ros2_zhongli_bridge_cpp -- -j20 -l20
[24.882s] Invoking command in '/home/yhg/Documents/docs/zhongli/cpp_version/build/ros2_zhongli_bridge_cpp': CMAKE_PREFIX_PATH=/opt/ros/humble /usr/bin/cmake --install /home/yhg/Documents/docs/zhongli/cpp_version/build/ros2_zhongli_bridge_cpp
[24.889s] -- Install configuration: ""
[24.890s] -- Execute custom install script
[24.891s] -- Up-to-date symlink: /home/yhg/Documents/docs/zhongli/cpp_version/install/ros2_zhongli_bridge_cpp/bin/zhongli_bridge_node
[24.891s] -- Up-to-date symlink: /home/yhg/Documents/docs/zhongli/cpp_version/install/ros2_zhongli_bridge_cpp/lib/libzhongli_protocol_types.so
[24.891s] -- Up-to-date symlink: /home/yhg/Documents/docs/zhongli/cpp_version/install/ros2_zhongli_bridge_cpp/lib/libzhongli_mqtt_client.so
[24.892s] -- Up-to-date symlink: /home/yhg/Documents/docs/zhongli/cpp_version/install/ros2_zhongli_bridge_cpp/lib/libros2_zhongli_bridge.so
[24.892s] -- Up-to-date symlink: /home/yhg/Documents/docs/zhongli/cpp_version/install/ros2_zhongli_bridge_cpp/share/ros2_zhongli_bridge_cpp/config//bridge_config.yaml
[24.893s] -- Up-to-date symlink: /home/yhg/Documents/docs/zhongli/cpp_version/install/ros2_zhongli_bridge_cpp/bin/test_real_plan_subscription
[24.893s] -- Up-to-date symlink: /home/yhg/Documents/docs/zhongli/cpp_version/install/ros2_zhongli_bridge_cpp/share/ament_index/resource_index/package_run_dependencies/ros2_zhongli_bridge_cpp
[24.893s] -- Up-to-date symlink: /home/yhg/Documents/docs/zhongli/cpp_version/install/ros2_zhongli_bridge_cpp/share/ament_index/resource_index/parent_prefix_path/ros2_zhongli_bridge_cpp
[24.894s] -- Up-to-date symlink: /home/yhg/Documents/docs/zhongli/cpp_version/install/ros2_zhongli_bridge_cpp/share/ros2_zhongli_bridge_cpp/environment/ament_prefix_path.sh
[24.894s] -- Up-to-date symlink: /home/yhg/Documents/docs/zhongli/cpp_version/install/ros2_zhongli_bridge_cpp/share/ros2_zhongli_bridge_cpp/environment/ament_prefix_path.dsv
[24.894s] -- Up-to-date symlink: /home/yhg/Documents/docs/zhongli/cpp_version/install/ros2_zhongli_bridge_cpp/share/ros2_zhongli_bridge_cpp/environment/path.sh
[24.894s] -- Up-to-date symlink: /home/yhg/Documents/docs/zhongli/cpp_version/install/ros2_zhongli_bridge_cpp/share/ros2_zhongli_bridge_cpp/environment/path.dsv
[24.894s] -- Up-to-date symlink: /home/yhg/Documents/docs/zhongli/cpp_version/install/ros2_zhongli_bridge_cpp/share/ros2_zhongli_bridge_cpp/local_setup.bash
[24.894s] -- Up-to-date symlink: /home/yhg/Documents/docs/zhongli/cpp_version/install/ros2_zhongli_bridge_cpp/share/ros2_zhongli_bridge_cpp/local_setup.sh
[24.895s] -- Up-to-date symlink: /home/yhg/Documents/docs/zhongli/cpp_version/install/ros2_zhongli_bridge_cpp/share/ros2_zhongli_bridge_cpp/local_setup.zsh
[24.895s] -- Up-to-date symlink: /home/yhg/Documents/docs/zhongli/cpp_version/install/ros2_zhongli_bridge_cpp/share/ros2_zhongli_bridge_cpp/local_setup.dsv
[24.895s] -- Symlinking: /home/yhg/Documents/docs/zhongli/cpp_version/install/ros2_zhongli_bridge_cpp/share/ros2_zhongli_bridge_cpp/package.dsv
[24.907s] -- Up-to-date symlink: /home/yhg/Documents/docs/zhongli/cpp_version/install/ros2_zhongli_bridge_cpp/share/ament_index/resource_index/packages/ros2_zhongli_bridge_cpp
[24.907s] -- Up-to-date symlink: /home/yhg/Documents/docs/zhongli/cpp_version/install/ros2_zhongli_bridge_cpp/share/ros2_zhongli_bridge_cpp/cmake/ros2_zhongli_bridge_cppConfig.cmake
[24.907s] -- Up-to-date symlink: /home/yhg/Documents/docs/zhongli/cpp_version/install/ros2_zhongli_bridge_cpp/share/ros2_zhongli_bridge_cpp/cmake/ros2_zhongli_bridge_cppConfig-version.cmake
[24.907s] -- Up-to-date symlink: /home/yhg/Documents/docs/zhongli/cpp_version/install/ros2_zhongli_bridge_cpp/share/ros2_zhongli_bridge_cpp/package.xml
[24.909s] Invoked command in '/home/yhg/Documents/docs/zhongli/cpp_version/build/ros2_zhongli_bridge_cpp' returned '0': CMAKE_PREFIX_PATH=/opt/ros/humble /usr/bin/cmake --install /home/yhg/Documents/docs/zhongli/cpp_version/build/ros2_zhongli_bridge_cpp
