[  9%] Building CXX object src/lib/CMakeFiles/zhongli_protocol_types.dir/zhongli_protocol_types.cpp.o
[ 18%] Linking CXX shared library libzhongli_protocol_types.so
[ 18%] Built target zhongli_protocol_types
[ 27%] Building CXX object src/lib/CMakeFiles/zhongli_mqtt_client.dir/zhongli_mqtt_client.cpp.o
[ 36%] Linking CXX shared library libzhongli_mqtt_client.so
[ 36%] Built target zhongli_mqtt_client
Consolidate compiler generated dependencies of target ros2_zhongli_bridge
[ 45%] Building CXX object src/lib/CMakeFiles/ros2_zhongli_bridge.dir/ros2_zhongli_bridge.cpp.o
[ 54%] Building CXX object src/lib/CMakeFiles/ros2_zhongli_bridge.dir/path_converter.cpp.o
In file included from /opt/ros/humble/include/rclcpp/rclcpp/logging.hpp:24,
                 from /opt/ros/humble/include/rclcpp/rclcpp/client.hpp:40,
                 from /opt/ros/humble/include/rclcpp/rclcpp/callback_group.hpp:24,
                 from /opt/ros/humble/include/rclcpp/rclcpp/any_executable.hpp:20,
                 from /opt/ros/humble/include/rclcpp/rclcpp/memory_strategy.hpp:25,
                 from /opt/ros/humble/include/rclcpp/rclcpp/memory_strategies.hpp:18,
                 from /opt/ros/humble/include/rclcpp/rclcpp/executor_options.hpp:20,
                 from /opt/ros/humble/include/rclcpp/rclcpp/executor.hpp:37,
                 from /opt/ros/humble/include/rclcpp/rclcpp/executors/multi_threaded_executor.hpp:25,
                 from /opt/ros/humble/include/rclcpp/rclcpp/executors.hpp:21,
                 from /opt/ros/humble/include/rclcpp/rclcpp/rclcpp.hpp:155,
                 from /home/yhg/Documents/docs/zhongli/cpp_version/src/include/ros2_zhongli_bridge.hpp:3,
                 from /home/yhg/Documents/docs/zhongli/cpp_version/src/lib/ros2_zhongli_bridge.cpp:1:
/home/yhg/Documents/docs/zhongli/cpp_version/src/lib/ros2_zhongli_bridge.cpp: In member function ‘bool zhongli_bridge::ROS2ZhongliBridge::initialize()’:
/home/yhg/Documents/docs/zhongli/cpp_version/src/lib/ros2_zhongli_bridge.cpp:27:41: warning: zero-length gnu_printf format string [-Wformat-zero-length]
   27 |         RCLCPP_INFO(this->get_logger(), "");
      |                                         ^~
/home/yhg/Documents/docs/zhongli/cpp_version/src/lib/ros2_zhongli_bridge.cpp:39:41: warning: zero-length gnu_printf format string [-Wformat-zero-length]
   39 |         RCLCPP_INFO(this->get_logger(), "");
      |                                         ^~
[ 63%] Linking CXX shared library libros2_zhongli_bridge.so
[ 63%] Built target ros2_zhongli_bridge
Consolidate compiler generated dependencies of target zhongli_bridge_node
[ 72%] Building CXX object CMakeFiles/zhongli_bridge_node.dir/src/main.cpp.o
[ 81%] Building CXX object src/tests/CMakeFiles/test_real_plan_subscription.dir/test_real_plan_subscription.cpp.o
[ 90%] Linking CXX executable zhongli_bridge_node
[ 90%] Built target zhongli_bridge_node
[100%] Linking CXX executable test_real_plan_subscription
[100%] Built target test_real_plan_subscription
-- Install configuration: ""
-- Execute custom install script
-- Up-to-date symlink: /home/yhg/Documents/docs/zhongli/cpp_version/install/ros2_zhongli_bridge_cpp/bin/zhongli_bridge_node
-- Up-to-date symlink: /home/yhg/Documents/docs/zhongli/cpp_version/install/ros2_zhongli_bridge_cpp/lib/libzhongli_protocol_types.so
-- Up-to-date symlink: /home/yhg/Documents/docs/zhongli/cpp_version/install/ros2_zhongli_bridge_cpp/lib/libzhongli_mqtt_client.so
-- Up-to-date symlink: /home/yhg/Documents/docs/zhongli/cpp_version/install/ros2_zhongli_bridge_cpp/lib/libros2_zhongli_bridge.so
-- Up-to-date symlink: /home/yhg/Documents/docs/zhongli/cpp_version/install/ros2_zhongli_bridge_cpp/share/ros2_zhongli_bridge_cpp/config//bridge_config.yaml
-- Up-to-date symlink: /home/yhg/Documents/docs/zhongli/cpp_version/install/ros2_zhongli_bridge_cpp/bin/test_real_plan_subscription
-- Up-to-date symlink: /home/yhg/Documents/docs/zhongli/cpp_version/install/ros2_zhongli_bridge_cpp/share/ament_index/resource_index/package_run_dependencies/ros2_zhongli_bridge_cpp
-- Up-to-date symlink: /home/yhg/Documents/docs/zhongli/cpp_version/install/ros2_zhongli_bridge_cpp/share/ament_index/resource_index/parent_prefix_path/ros2_zhongli_bridge_cpp
-- Up-to-date symlink: /home/yhg/Documents/docs/zhongli/cpp_version/install/ros2_zhongli_bridge_cpp/share/ros2_zhongli_bridge_cpp/environment/ament_prefix_path.sh
-- Up-to-date symlink: /home/yhg/Documents/docs/zhongli/cpp_version/install/ros2_zhongli_bridge_cpp/share/ros2_zhongli_bridge_cpp/environment/ament_prefix_path.dsv
-- Up-to-date symlink: /home/yhg/Documents/docs/zhongli/cpp_version/install/ros2_zhongli_bridge_cpp/share/ros2_zhongli_bridge_cpp/environment/path.sh
-- Up-to-date symlink: /home/yhg/Documents/docs/zhongli/cpp_version/install/ros2_zhongli_bridge_cpp/share/ros2_zhongli_bridge_cpp/environment/path.dsv
-- Up-to-date symlink: /home/yhg/Documents/docs/zhongli/cpp_version/install/ros2_zhongli_bridge_cpp/share/ros2_zhongli_bridge_cpp/local_setup.bash
-- Up-to-date symlink: /home/yhg/Documents/docs/zhongli/cpp_version/install/ros2_zhongli_bridge_cpp/share/ros2_zhongli_bridge_cpp/local_setup.sh
-- Up-to-date symlink: /home/yhg/Documents/docs/zhongli/cpp_version/install/ros2_zhongli_bridge_cpp/share/ros2_zhongli_bridge_cpp/local_setup.zsh
-- Up-to-date symlink: /home/yhg/Documents/docs/zhongli/cpp_version/install/ros2_zhongli_bridge_cpp/share/ros2_zhongli_bridge_cpp/local_setup.dsv
-- Symlinking: /home/yhg/Documents/docs/zhongli/cpp_version/install/ros2_zhongli_bridge_cpp/share/ros2_zhongli_bridge_cpp/package.dsv
-- Up-to-date symlink: /home/yhg/Documents/docs/zhongli/cpp_version/install/ros2_zhongli_bridge_cpp/share/ament_index/resource_index/packages/ros2_zhongli_bridge_cpp
-- Up-to-date symlink: /home/yhg/Documents/docs/zhongli/cpp_version/install/ros2_zhongli_bridge_cpp/share/ros2_zhongli_bridge_cpp/cmake/ros2_zhongli_bridge_cppConfig.cmake
-- Up-to-date symlink: /home/yhg/Documents/docs/zhongli/cpp_version/install/ros2_zhongli_bridge_cpp/share/ros2_zhongli_bridge_cpp/cmake/ros2_zhongli_bridge_cppConfig-version.cmake
-- Up-to-date symlink: /home/yhg/Documents/docs/zhongli/cpp_version/install/ros2_zhongli_bridge_cpp/share/ros2_zhongli_bridge_cpp/package.xml
