[0.252s] colcon DEBUG Command line arguments: ['/usr/bin/colcon', 'build', '--packages-select', 'ros2_zhongli_bridge_cpp', '--symlink-install']
[0.252s] colcon DEBUG Parsed command line arguments: Namespace(log_base=None, log_level=None, verb_name='build', build_base='build', install_base='install', merge_install=False, symlink_install=True, test_result_base=None, continue_on_error=False, executor='parallel', parallel_workers=20, event_handlers=None, ignore_user_meta=False, metas=['./colcon.meta'], base_paths=['.'], packages_ignore=None, packages_ignore_regex=None, paths=None, packages_up_to=None, packages_up_to_regex=None, packages_above=None, packages_above_and_dependencies=None, packages_above_depth=None, packages_select_by_dep=None, packages_skip_by_dep=None, packages_skip_up_to=None, packages_select_build_failed=False, packages_skip_build_finished=False, packages_select_test_failures=False, packages_skip_test_passed=False, packages_select=['ros2_zhongli_bridge_cpp'], packages_skip=None, packages_select_regex=None, packages_skip_regex=None, packages_start=None, packages_end=None, allow_overriding=[], cmake_args=None, cmake_target=None, cmake_target_skip_unavailable=False, cmake_clean_cache=False, cmake_clean_first=False, cmake_force_configure=False, ament_cmake_args=None, catkin_cmake_args=None, catkin_skip_building_tests=False, verb_parser=<colcon_defaults.argument_parser.defaults.DefaultArgumentsDecorator object at 0x76697864d3f0>, verb_extension=<colcon_core.verb.build.BuildVerb object at 0x76697864cd30>, main=<bound method BuildVerb.main of <colcon_core.verb.build.BuildVerb object at 0x76697864cd30>>)
[0.450s] colcon.colcon_core.package_discovery Level 1 discover_packages(colcon_meta) check parameters
[0.450s] colcon.colcon_core.package_discovery Level 1 discover_packages(recursive) check parameters
[0.450s] colcon.colcon_core.package_discovery Level 1 discover_packages(ignore) check parameters
[0.450s] colcon.colcon_core.package_discovery Level 1 discover_packages(path) check parameters
[0.450s] colcon.colcon_core.package_discovery Level 1 discover_packages(colcon_meta) discover
[0.450s] colcon.colcon_core.package_discovery Level 1 discover_packages(recursive) discover
[0.450s] colcon.colcon_core.package_discovery INFO Crawling recursively for packages in '/home/yhg/Documents/docs/zhongli/cpp_version'
[0.450s] colcon.colcon_core.package_identification Level 1 _identify(.) by extensions ['ignore', 'ignore_ament_install']
[0.450s] colcon.colcon_core.package_identification Level 1 _identify(.) by extension 'ignore'
[0.450s] colcon.colcon_core.package_identification Level 1 _identify(.) by extension 'ignore_ament_install'
[0.450s] colcon.colcon_core.package_identification Level 1 _identify(.) by extensions ['colcon_pkg']
[0.450s] colcon.colcon_core.package_identification Level 1 _identify(.) by extension 'colcon_pkg'
[0.450s] colcon.colcon_core.package_identification Level 1 _identify(.) by extensions ['colcon_meta']
[0.450s] colcon.colcon_core.package_identification Level 1 _identify(.) by extension 'colcon_meta'
[0.450s] colcon.colcon_core.package_identification Level 1 _identify(.) by extensions ['ros']
[0.450s] colcon.colcon_core.package_identification Level 1 _identify(.) by extension 'ros'
[0.466s] colcon.colcon_core.package_identification DEBUG Package '.' with type 'ros.ament_cmake' and name 'ros2_zhongli_bridge_cpp'
[0.466s] colcon.colcon_core.package_discovery Level 1 discover_packages(recursive) using defaults
[0.466s] colcon.colcon_core.package_discovery Level 1 discover_packages(ignore) discover
[0.466s] colcon.colcon_core.package_discovery Level 1 discover_packages(ignore) using defaults
[0.466s] colcon.colcon_core.package_discovery Level 1 discover_packages(path) discover
[0.466s] colcon.colcon_core.package_discovery Level 1 discover_packages(path) using defaults
[0.479s] colcon.colcon_core.package_discovery Level 1 discover_packages(prefix_path) check parameters
[0.479s] colcon.colcon_core.package_discovery Level 1 discover_packages(prefix_path) discover
[0.482s] colcon.colcon_installed_package_information.package_discovery DEBUG Found 406 installed packages in /opt/ros/humble
[0.483s] colcon.colcon_core.package_discovery Level 1 discover_packages(prefix_path) using defaults
[0.571s] colcon.colcon_core.verb Level 5 set package 'ros2_zhongli_bridge_cpp' build argument 'cmake_args' from command line to 'None'
[0.571s] colcon.colcon_core.verb Level 5 set package 'ros2_zhongli_bridge_cpp' build argument 'cmake_target' from command line to 'None'
[0.571s] colcon.colcon_core.verb Level 5 set package 'ros2_zhongli_bridge_cpp' build argument 'cmake_target_skip_unavailable' from command line to 'False'
[0.571s] colcon.colcon_core.verb Level 5 set package 'ros2_zhongli_bridge_cpp' build argument 'cmake_clean_cache' from command line to 'False'
[0.571s] colcon.colcon_core.verb Level 5 set package 'ros2_zhongli_bridge_cpp' build argument 'cmake_clean_first' from command line to 'False'
[0.571s] colcon.colcon_core.verb Level 5 set package 'ros2_zhongli_bridge_cpp' build argument 'cmake_force_configure' from command line to 'False'
[0.571s] colcon.colcon_core.verb Level 5 set package 'ros2_zhongli_bridge_cpp' build argument 'ament_cmake_args' from command line to 'None'
[0.571s] colcon.colcon_core.verb Level 5 set package 'ros2_zhongli_bridge_cpp' build argument 'catkin_cmake_args' from command line to 'None'
[0.571s] colcon.colcon_core.verb Level 5 set package 'ros2_zhongli_bridge_cpp' build argument 'catkin_skip_building_tests' from command line to 'False'
[0.571s] colcon.colcon_core.verb DEBUG Building package 'ros2_zhongli_bridge_cpp' with the following arguments: {'ament_cmake_args': None, 'build_base': '/home/yhg/Documents/docs/zhongli/cpp_version/build/ros2_zhongli_bridge_cpp', 'catkin_cmake_args': None, 'catkin_skip_building_tests': False, 'cmake_args': None, 'cmake_clean_cache': False, 'cmake_clean_first': False, 'cmake_force_configure': False, 'cmake_target': None, 'cmake_target_skip_unavailable': False, 'install_base': '/home/yhg/Documents/docs/zhongli/cpp_version/install/ros2_zhongli_bridge_cpp', 'merge_install': False, 'path': '/home/yhg/Documents/docs/zhongli/cpp_version', 'symlink_install': True, 'test_result_base': None}
[0.571s] colcon.colcon_core.executor INFO Executing jobs using 'parallel' executor
[0.572s] colcon.colcon_parallel_executor.executor.parallel DEBUG run_until_complete
[0.572s] colcon.colcon_ros.task.ament_cmake.build INFO Building ROS package in '/home/yhg/Documents/docs/zhongli/cpp_version' with build type 'ament_cmake'
[0.572s] colcon.colcon_cmake.task.cmake.build INFO Building CMake package in '/home/yhg/Documents/docs/zhongli/cpp_version'
[0.575s] colcon.colcon_core.plugin_system INFO Skipping extension 'colcon_core.shell.bat': Not used on non-Windows systems
[0.575s] colcon.colcon_core.shell INFO Skip shell extension 'powershell' for command environment: Not usable outside of PowerShell
[0.575s] colcon.colcon_core.shell DEBUG Skip shell extension 'dsv' for command environment
[0.583s] colcon.colcon_core.event_handler.log_command DEBUG Invoking command in '/home/yhg/Documents/docs/zhongli/cpp_version/build/ros2_zhongli_bridge_cpp': CMAKE_PREFIX_PATH=/opt/ros/humble /usr/bin/cmake --build /home/yhg/Documents/docs/zhongli/cpp_version/build/ros2_zhongli_bridge_cpp -- -j20 -l20
[17.037s] colcon.colcon_core.event_handler.log_command DEBUG Invoked command in '/home/yhg/Documents/docs/zhongli/cpp_version/build/ros2_zhongli_bridge_cpp' returned '2': CMAKE_PREFIX_PATH=/opt/ros/humble /usr/bin/cmake --build /home/yhg/Documents/docs/zhongli/cpp_version/build/ros2_zhongli_bridge_cpp -- -j20 -l20
[17.039s] colcon.colcon_core.environment Level 1 create_environment_scripts_only(ros2_zhongli_bridge_cpp)
[17.051s] colcon.colcon_core.environment Level 1 checking '/home/yhg/Documents/docs/zhongli/cpp_version/install/ros2_zhongli_bridge_cpp' for CMake module files
[17.054s] colcon.colcon_core.environment Level 1 checking '/home/yhg/Documents/docs/zhongli/cpp_version/install/ros2_zhongli_bridge_cpp' for CMake config files
[17.055s] colcon.colcon_core.shell Level 1 create_environment_hook('ros2_zhongli_bridge_cpp', 'cmake_prefix_path')
[17.055s] colcon.colcon_core.shell INFO Creating environment hook '/home/yhg/Documents/docs/zhongli/cpp_version/install/ros2_zhongli_bridge_cpp/share/ros2_zhongli_bridge_cpp/hook/cmake_prefix_path.ps1'
[17.057s] colcon.colcon_core.shell INFO Creating environment descriptor '/home/yhg/Documents/docs/zhongli/cpp_version/install/ros2_zhongli_bridge_cpp/share/ros2_zhongli_bridge_cpp/hook/cmake_prefix_path.dsv'
[17.058s] colcon.colcon_core.shell INFO Creating environment hook '/home/yhg/Documents/docs/zhongli/cpp_version/install/ros2_zhongli_bridge_cpp/share/ros2_zhongli_bridge_cpp/hook/cmake_prefix_path.sh'
[17.060s] colcon.colcon_core.environment Level 1 checking '/home/yhg/Documents/docs/zhongli/cpp_version/install/ros2_zhongli_bridge_cpp/lib'
[17.060s] colcon.colcon_core.shell Level 1 create_environment_hook('ros2_zhongli_bridge_cpp', 'ld_library_path_lib')
[17.060s] colcon.colcon_core.shell INFO Creating environment hook '/home/yhg/Documents/docs/zhongli/cpp_version/install/ros2_zhongli_bridge_cpp/share/ros2_zhongli_bridge_cpp/hook/ld_library_path_lib.ps1'
[17.061s] colcon.colcon_core.shell INFO Creating environment descriptor '/home/yhg/Documents/docs/zhongli/cpp_version/install/ros2_zhongli_bridge_cpp/share/ros2_zhongli_bridge_cpp/hook/ld_library_path_lib.dsv'
[17.061s] colcon.colcon_core.shell INFO Creating environment hook '/home/yhg/Documents/docs/zhongli/cpp_version/install/ros2_zhongli_bridge_cpp/share/ros2_zhongli_bridge_cpp/hook/ld_library_path_lib.sh'
[17.062s] colcon.colcon_core.environment Level 1 checking '/home/yhg/Documents/docs/zhongli/cpp_version/install/ros2_zhongli_bridge_cpp/bin'
[17.062s] colcon.colcon_core.shell Level 1 create_environment_hook('ros2_zhongli_bridge_cpp', 'path')
[17.063s] colcon.colcon_core.shell INFO Creating environment hook '/home/yhg/Documents/docs/zhongli/cpp_version/install/ros2_zhongli_bridge_cpp/share/ros2_zhongli_bridge_cpp/hook/path.ps1'
[17.063s] colcon.colcon_core.shell INFO Creating environment descriptor '/home/yhg/Documents/docs/zhongli/cpp_version/install/ros2_zhongli_bridge_cpp/share/ros2_zhongli_bridge_cpp/hook/path.dsv'
[17.063s] colcon.colcon_core.shell INFO Creating environment hook '/home/yhg/Documents/docs/zhongli/cpp_version/install/ros2_zhongli_bridge_cpp/share/ros2_zhongli_bridge_cpp/hook/path.sh'
[17.064s] colcon.colcon_core.environment Level 1 checking '/home/yhg/Documents/docs/zhongli/cpp_version/install/ros2_zhongli_bridge_cpp/lib/pkgconfig/ros2_zhongli_bridge_cpp.pc'
[17.064s] colcon.colcon_core.environment Level 1 checking '/home/yhg/Documents/docs/zhongli/cpp_version/install/ros2_zhongli_bridge_cpp/lib/python3.10/site-packages'
[17.064s] colcon.colcon_core.environment Level 1 checking '/home/yhg/Documents/docs/zhongli/cpp_version/install/ros2_zhongli_bridge_cpp/bin'
[17.065s] colcon.colcon_core.shell Level 1 create_environment_hook('ros2_zhongli_bridge_cpp', 'pythonscriptspath')
[17.065s] colcon.colcon_core.shell INFO Creating environment hook '/home/yhg/Documents/docs/zhongli/cpp_version/install/ros2_zhongli_bridge_cpp/share/ros2_zhongli_bridge_cpp/hook/pythonscriptspath.ps1'
[17.065s] colcon.colcon_core.shell INFO Creating environment descriptor '/home/yhg/Documents/docs/zhongli/cpp_version/install/ros2_zhongli_bridge_cpp/share/ros2_zhongli_bridge_cpp/hook/pythonscriptspath.dsv'
[17.066s] colcon.colcon_core.shell INFO Creating environment hook '/home/yhg/Documents/docs/zhongli/cpp_version/install/ros2_zhongli_bridge_cpp/share/ros2_zhongli_bridge_cpp/hook/pythonscriptspath.sh'
[17.067s] colcon.colcon_core.shell INFO Creating package script '/home/yhg/Documents/docs/zhongli/cpp_version/install/ros2_zhongli_bridge_cpp/share/ros2_zhongli_bridge_cpp/package.ps1'
[17.068s] colcon.colcon_core.shell INFO Creating package descriptor '/home/yhg/Documents/docs/zhongli/cpp_version/install/ros2_zhongli_bridge_cpp/share/ros2_zhongli_bridge_cpp/package.dsv'
[17.069s] colcon.colcon_core.shell INFO Creating package script '/home/yhg/Documents/docs/zhongli/cpp_version/install/ros2_zhongli_bridge_cpp/share/ros2_zhongli_bridge_cpp/package.sh'
[17.070s] colcon.colcon_core.shell INFO Creating package script '/home/yhg/Documents/docs/zhongli/cpp_version/install/ros2_zhongli_bridge_cpp/share/ros2_zhongli_bridge_cpp/package.bash'
[17.071s] colcon.colcon_core.shell INFO Creating package script '/home/yhg/Documents/docs/zhongli/cpp_version/install/ros2_zhongli_bridge_cpp/share/ros2_zhongli_bridge_cpp/package.zsh'
[17.072s] colcon.colcon_core.environment Level 1 create_file_with_runtime_dependencies(/home/yhg/Documents/docs/zhongli/cpp_version/install/ros2_zhongli_bridge_cpp/share/colcon-core/packages/ros2_zhongli_bridge_cpp)
[17.083s] colcon.colcon_parallel_executor.executor.parallel DEBUG closing loop
[17.083s] colcon.colcon_parallel_executor.executor.parallel DEBUG loop closed
[17.083s] colcon.colcon_parallel_executor.executor.parallel DEBUG run_until_complete finished with '2'
[17.083s] colcon.colcon_core.event_reactor DEBUG joining thread
[17.102s] colcon.colcon_core.plugin_system INFO Skipping extension 'colcon_notification.desktop_notification.terminal_notifier': Not used on non-Darwin systems
[17.102s] colcon.colcon_core.plugin_system INFO Skipping extension 'colcon_notification.desktop_notification.win32': Not used on non-Windows systems
[17.102s] colcon.colcon_notification.desktop_notification INFO Sending desktop notification using 'notify2'
[17.142s] colcon.colcon_core.event_reactor DEBUG joined thread
[17.143s] colcon.colcon_core.shell INFO Creating prefix script '/home/yhg/Documents/docs/zhongli/cpp_version/install/local_setup.ps1'
[17.144s] colcon.colcon_core.shell INFO Creating prefix util module '/home/yhg/Documents/docs/zhongli/cpp_version/install/_local_setup_util_ps1.py'
[17.146s] colcon.colcon_core.shell INFO Creating prefix chain script '/home/yhg/Documents/docs/zhongli/cpp_version/install/setup.ps1'
[17.147s] colcon.colcon_core.shell INFO Creating prefix script '/home/yhg/Documents/docs/zhongli/cpp_version/install/local_setup.sh'
[17.147s] colcon.colcon_core.shell INFO Creating prefix util module '/home/yhg/Documents/docs/zhongli/cpp_version/install/_local_setup_util_sh.py'
[17.148s] colcon.colcon_core.shell INFO Creating prefix chain script '/home/yhg/Documents/docs/zhongli/cpp_version/install/setup.sh'
[17.148s] colcon.colcon_core.shell INFO Creating prefix script '/home/yhg/Documents/docs/zhongli/cpp_version/install/local_setup.bash'
[17.149s] colcon.colcon_core.shell INFO Creating prefix chain script '/home/yhg/Documents/docs/zhongli/cpp_version/install/setup.bash'
[17.149s] colcon.colcon_core.shell INFO Creating prefix script '/home/yhg/Documents/docs/zhongli/cpp_version/install/local_setup.zsh'
[17.150s] colcon.colcon_core.shell INFO Creating prefix chain script '/home/yhg/Documents/docs/zhongli/cpp_version/install/setup.zsh'
