[0.005s] Invoking command in '/home/yhg/Documents/docs/zhongli/cpp_version/build/ros2_zhongli_bridge_cpp': CMAKE_PREFIX_PATH=/opt/ros/humble /usr/bin/cmake /home/yhg/Documents/docs/zhongli/cpp_version -DCMAKE_INSTALL_PREFIX=/home/yhg/Documents/docs/zhongli/cpp_version/install/ros2_zhongli_bridge_cpp
[0.014s] -- Found ament_cmake: 1.3.12 (/opt/ros/humble/share/ament_cmake/cmake)
[0.086s] -- Override CMake install command with custom implementation using symlinks instead of copying resources
[0.089s] -- Found rclcpp: 16.0.14 (/opt/ros/humble/share/rclcpp/cmake)
[0.105s] -- Found rosidl_generator_c: 3.1.7 (/opt/ros/humble/share/rosidl_generator_c/cmake)
[0.106s] -- Found rosidl_adapter: 3.1.7 (/opt/ros/humble/share/rosidl_adapter/cmake)
[0.109s] -- Found rosidl_generator_cpp: 3.1.7 (/opt/ros/humble/share/rosidl_generator_cpp/cmake)
[0.114s] -- Using all available rosidl_typesupport_c: rosidl_typesupport_fastrtps_c;rosidl_typesupport_introspection_c
[0.121s] -- Using all available rosidl_typesupport_cpp: rosidl_typesupport_fastrtps_cpp;rosidl_typesupport_introspection_cpp
[0.138s] -- Found rmw_implementation_cmake: 6.1.2 (/opt/ros/humble/share/rmw_implementation_cmake/cmake)
[0.138s] -- Found rmw_fastrtps_cpp: 6.2.8 (/opt/ros/humble/share/rmw_fastrtps_cpp/cmake)
[0.213s] -- Using RMW implementation 'rmw_fastrtps_cpp' as default
[0.249s] -- Found geometry_msgs: 4.9.0 (/opt/ros/humble/share/geometry_msgs/cmake)
[0.255s] -- Found nav_msgs: 4.9.0 (/opt/ros/humble/share/nav_msgs/cmake)
[0.263s] -- Found nav2_msgs: 1.1.18 (/opt/ros/humble/share/nav2_msgs/cmake)
[0.285s] -- Found tf2_ros: 0.25.16 (/opt/ros/humble/share/tf2_ros/cmake)
[0.317s] -- Found tf2_geometry_msgs: 0.25.16 (/opt/ros/humble/share/tf2_geometry_msgs/cmake)
[0.319s] -- Found eigen3_cmake_module: 0.1.1 (/opt/ros/humble/share/eigen3_cmake_module/cmake)
[0.319s] -- Ensuring Eigen3 include directory is part of orocos-kdl CMake target
[0.329s] -- Found mosquitto via pkg-config: mosquitto
[0.330s] -- Found mosquitto headers: 
[0.333s] -- Found ament_lint_auto: 0.12.14 (/opt/ros/humble/share/ament_lint_auto/cmake)
[0.333s] -- Found ament_cmake_gtest: 1.3.12 (/opt/ros/humble/share/ament_cmake_gtest/cmake)
[0.374s] -- Configuring done
[0.387s] -- Generating done
[0.392s] -- Build files have been written to: /home/yhg/Documents/docs/zhongli/cpp_version/build/ros2_zhongli_bridge_cpp
[0.398s] Invoked command in '/home/yhg/Documents/docs/zhongli/cpp_version/build/ros2_zhongli_bridge_cpp' returned '0': CMAKE_PREFIX_PATH=/opt/ros/humble /usr/bin/cmake /home/yhg/Documents/docs/zhongli/cpp_version -DCMAKE_INSTALL_PREFIX=/home/yhg/Documents/docs/zhongli/cpp_version/install/ros2_zhongli_bridge_cpp
[0.400s] Invoking command in '/home/yhg/Documents/docs/zhongli/cpp_version/build/ros2_zhongli_bridge_cpp': CMAKE_PREFIX_PATH=/opt/ros/humble /usr/bin/cmake --build /home/yhg/Documents/docs/zhongli/cpp_version/build/ros2_zhongli_bridge_cpp -- -j20 -l20
[0.442s] Consolidate compiler generated dependencies of target zhongli_protocol_types
[0.460s] [ 18%] Built target zhongli_protocol_types
[0.481s] Consolidate compiler generated dependencies of target zhongli_mqtt_client
[0.497s] [ 36%] Built target zhongli_mqtt_client
[0.518s] Consolidate compiler generated dependencies of target ros2_zhongli_bridge
[0.538s] [ 63%] Built target ros2_zhongli_bridge
[0.556s] Consolidate compiler generated dependencies of target zhongli_bridge_node
[0.557s] Consolidate compiler generated dependencies of target test_real_plan_subscription
[0.577s] [ 81%] Built target test_real_plan_subscription
[0.578s] [100%] Built target zhongli_bridge_node
[0.587s] Invoked command in '/home/yhg/Documents/docs/zhongli/cpp_version/build/ros2_zhongli_bridge_cpp' returned '0': CMAKE_PREFIX_PATH=/opt/ros/humble /usr/bin/cmake --build /home/yhg/Documents/docs/zhongli/cpp_version/build/ros2_zhongli_bridge_cpp -- -j20 -l20
[0.602s] Invoking command in '/home/yhg/Documents/docs/zhongli/cpp_version/build/ros2_zhongli_bridge_cpp': CMAKE_PREFIX_PATH=/opt/ros/humble /usr/bin/cmake --install /home/yhg/Documents/docs/zhongli/cpp_version/build/ros2_zhongli_bridge_cpp
[0.612s] -- Install configuration: ""
[0.613s] -- Execute custom install script
[0.613s] -- Up-to-date symlink: /home/yhg/Documents/docs/zhongli/cpp_version/install/ros2_zhongli_bridge_cpp/bin/zhongli_bridge_node
[0.613s] -- Up-to-date symlink: /home/yhg/Documents/docs/zhongli/cpp_version/install/ros2_zhongli_bridge_cpp/lib/libzhongli_protocol_types.so
[0.613s] -- Up-to-date symlink: /home/yhg/Documents/docs/zhongli/cpp_version/install/ros2_zhongli_bridge_cpp/lib/libzhongli_mqtt_client.so
[0.613s] -- Up-to-date symlink: /home/yhg/Documents/docs/zhongli/cpp_version/install/ros2_zhongli_bridge_cpp/lib/libros2_zhongli_bridge.so
[0.614s] -- Up-to-date symlink: /home/yhg/Documents/docs/zhongli/cpp_version/install/ros2_zhongli_bridge_cpp/share/ros2_zhongli_bridge_cpp/config//bridge_config.yaml
[0.614s] -- Up-to-date symlink: /home/yhg/Documents/docs/zhongli/cpp_version/install/ros2_zhongli_bridge_cpp/bin/test_real_plan_subscription
[0.614s] -- Up-to-date symlink: /home/yhg/Documents/docs/zhongli/cpp_version/install/ros2_zhongli_bridge_cpp/share/ament_index/resource_index/package_run_dependencies/ros2_zhongli_bridge_cpp
[0.614s] -- Up-to-date symlink: /home/yhg/Documents/docs/zhongli/cpp_version/install/ros2_zhongli_bridge_cpp/share/ament_index/resource_index/parent_prefix_path/ros2_zhongli_bridge_cpp
[0.614s] -- Up-to-date symlink: /home/yhg/Documents/docs/zhongli/cpp_version/install/ros2_zhongli_bridge_cpp/share/ros2_zhongli_bridge_cpp/environment/ament_prefix_path.sh
[0.615s] -- Up-to-date symlink: /home/yhg/Documents/docs/zhongli/cpp_version/install/ros2_zhongli_bridge_cpp/share/ros2_zhongli_bridge_cpp/environment/ament_prefix_path.dsv
[0.615s] -- Up-to-date symlink: /home/yhg/Documents/docs/zhongli/cpp_version/install/ros2_zhongli_bridge_cpp/share/ros2_zhongli_bridge_cpp/environment/path.sh
[0.615s] -- Up-to-date symlink: /home/yhg/Documents/docs/zhongli/cpp_version/install/ros2_zhongli_bridge_cpp/share/ros2_zhongli_bridge_cpp/environment/path.dsv
[0.615s] -- Up-to-date symlink: /home/yhg/Documents/docs/zhongli/cpp_version/install/ros2_zhongli_bridge_cpp/share/ros2_zhongli_bridge_cpp/local_setup.bash
[0.615s] -- Up-to-date symlink: /home/yhg/Documents/docs/zhongli/cpp_version/install/ros2_zhongli_bridge_cpp/share/ros2_zhongli_bridge_cpp/local_setup.sh
[0.615s] -- Up-to-date symlink: /home/yhg/Documents/docs/zhongli/cpp_version/install/ros2_zhongli_bridge_cpp/share/ros2_zhongli_bridge_cpp/local_setup.zsh
[0.615s] -- Up-to-date symlink: /home/yhg/Documents/docs/zhongli/cpp_version/install/ros2_zhongli_bridge_cpp/share/ros2_zhongli_bridge_cpp/local_setup.dsv
[0.615s] -- Symlinking: /home/yhg/Documents/docs/zhongli/cpp_version/install/ros2_zhongli_bridge_cpp/share/ros2_zhongli_bridge_cpp/package.dsv
[0.626s] -- Up-to-date symlink: /home/yhg/Documents/docs/zhongli/cpp_version/install/ros2_zhongli_bridge_cpp/share/ament_index/resource_index/packages/ros2_zhongli_bridge_cpp
[0.626s] -- Up-to-date symlink: /home/yhg/Documents/docs/zhongli/cpp_version/install/ros2_zhongli_bridge_cpp/share/ros2_zhongli_bridge_cpp/cmake/ros2_zhongli_bridge_cppConfig.cmake
[0.626s] -- Up-to-date symlink: /home/yhg/Documents/docs/zhongli/cpp_version/install/ros2_zhongli_bridge_cpp/share/ros2_zhongli_bridge_cpp/cmake/ros2_zhongli_bridge_cppConfig-version.cmake
[0.626s] -- Up-to-date symlink: /home/yhg/Documents/docs/zhongli/cpp_version/install/ros2_zhongli_bridge_cpp/share/ros2_zhongli_bridge_cpp/package.xml
[0.629s] Invoked command in '/home/yhg/Documents/docs/zhongli/cpp_version/build/ros2_zhongli_bridge_cpp' returned '0': CMAKE_PREFIX_PATH=/opt/ros/humble /usr/bin/cmake --install /home/yhg/Documents/docs/zhongli/cpp_version/build/ros2_zhongli_bridge_cpp
