-- The C compiler identification is GNU 11.4.0
-- The CXX compiler identification is GNU 11.4.0
-- Detecting C compiler ABI info
-- Detecting C compiler ABI info - done
-- Check for working C compiler: /usr/bin/cc - skipped
-- Detecting C compile features
-- Detecting C compile features - done
-- Detecting CXX compiler ABI info
-- Detecting CXX compiler ABI info - done
-- Check for working CXX compiler: /usr/bin/c++ - skipped
-- Detecting CXX compile features
-- Detecting CXX compile features - done
-- Found ament_cmake: 1.3.12 (/opt/ros/humble/share/ament_cmake/cmake)
-- Found Python3: /usr/bin/python3 (found version "3.10.12") found components: Interpreter 
-- Found rclcpp: 16.0.14 (/opt/ros/humble/share/rclcpp/cmake)
-- Found rosidl_generator_c: 3.1.7 (/opt/ros/humble/share/rosidl_generator_c/cmake)
-- Found rosidl_adapter: 3.1.7 (/opt/ros/humble/share/rosidl_adapter/cmake)
-- Found rosidl_generator_cpp: 3.1.7 (/opt/ros/humble/share/rosidl_generator_cpp/cmake)
-- Using all available rosidl_typesupport_c: rosidl_typesupport_fastrtps_c;rosidl_typesupport_introspection_c
-- Using all available rosidl_typesupport_cpp: rosidl_typesupport_fastrtps_cpp;rosidl_typesupport_introspection_cpp
-- Found rmw_implementation_cmake: 6.1.2 (/opt/ros/humble/share/rmw_implementation_cmake/cmake)
-- Found rmw_fastrtps_cpp: 6.2.8 (/opt/ros/humble/share/rmw_fastrtps_cpp/cmake)
-- Found OpenSSL: /usr/lib/x86_64-linux-gnu/libcrypto.so (found version "3.0.2")  
-- Found FastRTPS: /opt/ros/humble/include  
-- Using RMW implementation 'rmw_fastrtps_cpp' as default
-- Looking for pthread.h
-- Looking for pthread.h - found
-- Performing Test CMAKE_HAVE_LIBC_PTHREAD
-- Performing Test CMAKE_HAVE_LIBC_PTHREAD - Success
-- Found Threads: TRUE  
-- Found geometry_msgs: 4.9.0 (/opt/ros/humble/share/geometry_msgs/cmake)
-- Found nav_msgs: 4.9.0 (/opt/ros/humble/share/nav_msgs/cmake)
-- Found nav2_msgs: 1.1.18 (/opt/ros/humble/share/nav2_msgs/cmake)
-- Found tf2_ros: 0.25.16 (/opt/ros/humble/share/tf2_ros/cmake)
-- Found tf2_geometry_msgs: 0.25.16 (/opt/ros/humble/share/tf2_geometry_msgs/cmake)
-- Found eigen3_cmake_module: 0.1.1 (/opt/ros/humble/share/eigen3_cmake_module/cmake)
-- Found Eigen3: TRUE (found version "3.4.0") 
-- Ensuring Eigen3 include directory is part of orocos-kdl CMake target
-- Found PkgConfig: /usr/bin/pkg-config (found version "0.29.2") 
-- Found nlohmann_json: /usr/lib/cmake/nlohmann_json/nlohmann_jsonConfig.cmake (found version "3.10.5") 
-- Found mosquitto via pkg-config: mosquitto
-- Found mosquitto headers: 
-- Found ament_lint_auto: 0.12.14 (/opt/ros/humble/share/ament_lint_auto/cmake)
-- Found ament_cmake_gtest: 1.3.12 (/opt/ros/humble/share/ament_cmake_gtest/cmake)
-- Configuring done
-- Generating done
-- Build files have been written to: /home/yhg/Documents/docs/zhongli/cpp_version/build/ros2_zhongli_bridge_cpp
[  9%] Building CXX object src/lib/CMakeFiles/zhongli_protocol_types.dir/zhongli_protocol_types.cpp.o
[ 18%] Linking CXX shared library libzhongli_protocol_types.so
[ 18%] Built target zhongli_protocol_types
[ 27%] Building CXX object src/lib/CMakeFiles/zhongli_mqtt_client.dir/zhongli_mqtt_client.cpp.o
[ 36%] Linking CXX shared library libzhongli_mqtt_client.so
[ 36%] Built target zhongli_mqtt_client
[ 45%] Building CXX object src/lib/CMakeFiles/ros2_zhongli_bridge.dir/path_converter.cpp.o
[ 54%] Building CXX object src/lib/CMakeFiles/ros2_zhongli_bridge.dir/ros2_zhongli_bridge.cpp.o
In file included from /opt/ros/humble/include/rclcpp/rclcpp/logging.hpp:24,
                 from /opt/ros/humble/include/rclcpp/rclcpp/client.hpp:40,
                 from /opt/ros/humble/include/rclcpp/rclcpp/callback_group.hpp:24,
                 from /opt/ros/humble/include/rclcpp/rclcpp/any_executable.hpp:20,
                 from /opt/ros/humble/include/rclcpp/rclcpp/memory_strategy.hpp:25,
                 from /opt/ros/humble/include/rclcpp/rclcpp/memory_strategies.hpp:18,
                 from /opt/ros/humble/include/rclcpp/rclcpp/executor_options.hpp:20,
                 from /opt/ros/humble/include/rclcpp/rclcpp/executor.hpp:37,
                 from /opt/ros/humble/include/rclcpp/rclcpp/executors/multi_threaded_executor.hpp:25,
                 from /opt/ros/humble/include/rclcpp/rclcpp/executors.hpp:21,
                 from /opt/ros/humble/include/rclcpp/rclcpp/rclcpp.hpp:155,
                 from /home/yhg/Documents/docs/zhongli/cpp_version/src/include/ros2_zhongli_bridge.hpp:3,
                 from /home/yhg/Documents/docs/zhongli/cpp_version/src/lib/ros2_zhongli_bridge.cpp:1:
/home/yhg/Documents/docs/zhongli/cpp_version/src/lib/ros2_zhongli_bridge.cpp: In member function ‘bool zhongli_bridge::ROS2ZhongliBridge::initialize()’:
/home/yhg/Documents/docs/zhongli/cpp_version/src/lib/ros2_zhongli_bridge.cpp:30:41: warning: zero-length gnu_printf format string [-Wformat-zero-length]
   30 |         RCLCPP_INFO(this->get_logger(), "");
      |                                         ^~
/home/yhg/Documents/docs/zhongli/cpp_version/src/lib/ros2_zhongli_bridge.cpp:41:41: warning: zero-length gnu_printf format string [-Wformat-zero-length]
   41 |         RCLCPP_INFO(this->get_logger(), "");
      |                                         ^~
[ 63%] Linking CXX shared library libros2_zhongli_bridge.so
[ 63%] Built target ros2_zhongli_bridge
[ 81%] Building CXX object src/tests/CMakeFiles/test_real_plan_subscription.dir/test_real_plan_subscription.cpp.o
[ 81%] Building CXX object CMakeFiles/zhongli_bridge_node.dir/src/main.cpp.o
[ 90%] Linking CXX executable zhongli_bridge_node
[ 90%] Built target zhongli_bridge_node
[100%] Linking CXX executable test_real_plan_subscription
[100%] Built target test_real_plan_subscription
-- Install configuration: ""
-- Installing: /home/yhg/Documents/docs/zhongli/cpp_version/install/ros2_zhongli_bridge_cpp/bin/zhongli_bridge_node
-- Set runtime path of "/home/yhg/Documents/docs/zhongli/cpp_version/install/ros2_zhongli_bridge_cpp/bin/zhongli_bridge_node" to "/home/yhg/Documents/docs/zhongli/cpp_version/install/ros2_zhongli_bridge_cpp/lib:/opt/ros/humble/lib"
-- Installing: /home/yhg/Documents/docs/zhongli/cpp_version/install/ros2_zhongli_bridge_cpp/lib/libzhongli_protocol_types.so
-- Set runtime path of "/home/yhg/Documents/docs/zhongli/cpp_version/install/ros2_zhongli_bridge_cpp/lib/libzhongli_protocol_types.so" to "/home/yhg/Documents/docs/zhongli/cpp_version/install/ros2_zhongli_bridge_cpp/lib"
-- Installing: /home/yhg/Documents/docs/zhongli/cpp_version/install/ros2_zhongli_bridge_cpp/lib/libzhongli_mqtt_client.so
-- Set runtime path of "/home/yhg/Documents/docs/zhongli/cpp_version/install/ros2_zhongli_bridge_cpp/lib/libzhongli_mqtt_client.so" to "/home/yhg/Documents/docs/zhongli/cpp_version/install/ros2_zhongli_bridge_cpp/lib"
-- Installing: /home/yhg/Documents/docs/zhongli/cpp_version/install/ros2_zhongli_bridge_cpp/lib/libros2_zhongli_bridge.so
-- Set runtime path of "/home/yhg/Documents/docs/zhongli/cpp_version/install/ros2_zhongli_bridge_cpp/lib/libros2_zhongli_bridge.so" to "/home/yhg/Documents/docs/zhongli/cpp_version/install/ros2_zhongli_bridge_cpp/lib:/opt/ros/humble/lib"
-- Installing: /home/yhg/Documents/docs/zhongli/cpp_version/install/ros2_zhongli_bridge_cpp/share/ros2_zhongli_bridge_cpp/config/
-- Installing: /home/yhg/Documents/docs/zhongli/cpp_version/install/ros2_zhongli_bridge_cpp/share/ros2_zhongli_bridge_cpp/config//bridge_config.yaml
-- Installing: /home/yhg/Documents/docs/zhongli/cpp_version/install/ros2_zhongli_bridge_cpp/bin/test_real_plan_subscription
-- Set runtime path of "/home/yhg/Documents/docs/zhongli/cpp_version/install/ros2_zhongli_bridge_cpp/bin/test_real_plan_subscription" to "/home/yhg/Documents/docs/zhongli/cpp_version/install/ros2_zhongli_bridge_cpp/lib:/opt/ros/humble/lib"
-- Installing: /home/yhg/Documents/docs/zhongli/cpp_version/install/ros2_zhongli_bridge_cpp/share/ament_index/resource_index/package_run_dependencies/ros2_zhongli_bridge_cpp
-- Installing: /home/yhg/Documents/docs/zhongli/cpp_version/install/ros2_zhongli_bridge_cpp/share/ament_index/resource_index/parent_prefix_path/ros2_zhongli_bridge_cpp
-- Installing: /home/yhg/Documents/docs/zhongli/cpp_version/install/ros2_zhongli_bridge_cpp/share/ros2_zhongli_bridge_cpp/environment/ament_prefix_path.sh
-- Installing: /home/yhg/Documents/docs/zhongli/cpp_version/install/ros2_zhongli_bridge_cpp/share/ros2_zhongli_bridge_cpp/environment/ament_prefix_path.dsv
-- Installing: /home/yhg/Documents/docs/zhongli/cpp_version/install/ros2_zhongli_bridge_cpp/share/ros2_zhongli_bridge_cpp/environment/path.sh
-- Installing: /home/yhg/Documents/docs/zhongli/cpp_version/install/ros2_zhongli_bridge_cpp/share/ros2_zhongli_bridge_cpp/environment/path.dsv
-- Installing: /home/yhg/Documents/docs/zhongli/cpp_version/install/ros2_zhongli_bridge_cpp/share/ros2_zhongli_bridge_cpp/local_setup.bash
-- Installing: /home/yhg/Documents/docs/zhongli/cpp_version/install/ros2_zhongli_bridge_cpp/share/ros2_zhongli_bridge_cpp/local_setup.sh
-- Installing: /home/yhg/Documents/docs/zhongli/cpp_version/install/ros2_zhongli_bridge_cpp/share/ros2_zhongli_bridge_cpp/local_setup.zsh
-- Installing: /home/yhg/Documents/docs/zhongli/cpp_version/install/ros2_zhongli_bridge_cpp/share/ros2_zhongli_bridge_cpp/local_setup.dsv
-- Installing: /home/yhg/Documents/docs/zhongli/cpp_version/install/ros2_zhongli_bridge_cpp/share/ros2_zhongli_bridge_cpp/package.dsv
-- Installing: /home/yhg/Documents/docs/zhongli/cpp_version/install/ros2_zhongli_bridge_cpp/share/ament_index/resource_index/packages/ros2_zhongli_bridge_cpp
-- Installing: /home/yhg/Documents/docs/zhongli/cpp_version/install/ros2_zhongli_bridge_cpp/share/ros2_zhongli_bridge_cpp/cmake/ros2_zhongli_bridge_cppConfig.cmake
-- Installing: /home/yhg/Documents/docs/zhongli/cpp_version/install/ros2_zhongli_bridge_cpp/share/ros2_zhongli_bridge_cpp/cmake/ros2_zhongli_bridge_cppConfig-version.cmake
-- Installing: /home/yhg/Documents/docs/zhongli/cpp_version/install/ros2_zhongli_bridge_cpp/share/ros2_zhongli_bridge_cpp/package.xml
