[0.006s] Invoking command in '/home/yhg/Documents/docs/zhongli/cpp_version/build/ros2_zhongli_bridge_cpp': CMAKE_PREFIX_PATH=/opt/ros/humble /usr/bin/cmake --build /home/yhg/Documents/docs/zhongli/cpp_version/build/ros2_zhongli_bridge_cpp -- -j20 -l20
[0.046s] Consolidate compiler generated dependencies of target zhongli_protocol_types
[0.057s] [ 18%] Built target zhongli_protocol_types
[0.075s] Consolidate compiler generated dependencies of target zhongli_mqtt_client
[0.092s] [ 36%] Built target zhongli_mqtt_client
[0.120s] Consolidate compiler generated dependencies of target ros2_zhongli_bridge
[0.140s] [ 63%] Built target ros2_zhongli_bridge
[0.163s] Consolidate compiler generated dependencies of target test_real_plan_subscription
[0.163s] Consolidate compiler generated dependencies of target zhongli_bridge_node
[0.181s] [ 72%] Building CXX object src/tests/CMakeFiles/test_real_plan_subscription.dir/test_real_plan_subscription.cpp.o
[0.183s] [ 90%] Built target zhongli_bridge_node
[5.160s] [100%] Linking CXX executable test_real_plan_subscription
[5.585s] [100%] Built target test_real_plan_subscription
[5.591s] Invoked command in '/home/yhg/Documents/docs/zhongli/cpp_version/build/ros2_zhongli_bridge_cpp' returned '0': CMAKE_PREFIX_PATH=/opt/ros/humble /usr/bin/cmake --build /home/yhg/Documents/docs/zhongli/cpp_version/build/ros2_zhongli_bridge_cpp -- -j20 -l20
[5.597s] Invoking command in '/home/yhg/Documents/docs/zhongli/cpp_version/build/ros2_zhongli_bridge_cpp': CMAKE_PREFIX_PATH=/opt/ros/humble /usr/bin/cmake --install /home/yhg/Documents/docs/zhongli/cpp_version/build/ros2_zhongli_bridge_cpp
[5.603s] -- Install configuration: ""
[5.603s] -- Execute custom install script
[5.603s] -- Symlinking: /home/yhg/Documents/docs/zhongli/cpp_version/install/ros2_zhongli_bridge_cpp/bin/zhongli_bridge_node
[5.611s] -- Symlinking: /home/yhg/Documents/docs/zhongli/cpp_version/install/ros2_zhongli_bridge_cpp/lib/libzhongli_protocol_types.so
[5.621s] -- Symlinking: /home/yhg/Documents/docs/zhongli/cpp_version/install/ros2_zhongli_bridge_cpp/lib/libzhongli_mqtt_client.so
[5.630s] -- Symlinking: /home/yhg/Documents/docs/zhongli/cpp_version/install/ros2_zhongli_bridge_cpp/lib/libros2_zhongli_bridge.so
[5.641s] -- Symlinking: /home/yhg/Documents/docs/zhongli/cpp_version/install/ros2_zhongli_bridge_cpp/share/ros2_zhongli_bridge_cpp/config//bridge_config.yaml
[5.650s] -- Symlinking: /home/yhg/Documents/docs/zhongli/cpp_version/install/ros2_zhongli_bridge_cpp/bin/test_real_plan_subscription
[5.661s] -- Symlinking: /home/yhg/Documents/docs/zhongli/cpp_version/install/ros2_zhongli_bridge_cpp/share/ament_index/resource_index/package_run_dependencies/ros2_zhongli_bridge_cpp
[5.670s] -- Symlinking: /home/yhg/Documents/docs/zhongli/cpp_version/install/ros2_zhongli_bridge_cpp/share/ament_index/resource_index/parent_prefix_path/ros2_zhongli_bridge_cpp
[5.681s] -- Symlinking: /home/yhg/Documents/docs/zhongli/cpp_version/install/ros2_zhongli_bridge_cpp/share/ros2_zhongli_bridge_cpp/environment/ament_prefix_path.sh
[5.691s] -- Symlinking: /home/yhg/Documents/docs/zhongli/cpp_version/install/ros2_zhongli_bridge_cpp/share/ros2_zhongli_bridge_cpp/environment/ament_prefix_path.dsv
[5.700s] -- Symlinking: /home/yhg/Documents/docs/zhongli/cpp_version/install/ros2_zhongli_bridge_cpp/share/ros2_zhongli_bridge_cpp/environment/path.sh
[5.710s] -- Symlinking: /home/yhg/Documents/docs/zhongli/cpp_version/install/ros2_zhongli_bridge_cpp/share/ros2_zhongli_bridge_cpp/environment/path.dsv
[5.721s] -- Symlinking: /home/yhg/Documents/docs/zhongli/cpp_version/install/ros2_zhongli_bridge_cpp/share/ros2_zhongli_bridge_cpp/local_setup.bash
[5.731s] -- Symlinking: /home/yhg/Documents/docs/zhongli/cpp_version/install/ros2_zhongli_bridge_cpp/share/ros2_zhongli_bridge_cpp/local_setup.sh
[5.742s] -- Symlinking: /home/yhg/Documents/docs/zhongli/cpp_version/install/ros2_zhongli_bridge_cpp/share/ros2_zhongli_bridge_cpp/local_setup.zsh
[5.752s] -- Symlinking: /home/yhg/Documents/docs/zhongli/cpp_version/install/ros2_zhongli_bridge_cpp/share/ros2_zhongli_bridge_cpp/local_setup.dsv
[5.762s] -- Symlinking: /home/yhg/Documents/docs/zhongli/cpp_version/install/ros2_zhongli_bridge_cpp/share/ros2_zhongli_bridge_cpp/package.dsv
[5.773s] -- Symlinking: /home/yhg/Documents/docs/zhongli/cpp_version/install/ros2_zhongli_bridge_cpp/share/ament_index/resource_index/packages/ros2_zhongli_bridge_cpp
[5.784s] -- Symlinking: /home/yhg/Documents/docs/zhongli/cpp_version/install/ros2_zhongli_bridge_cpp/share/ros2_zhongli_bridge_cpp/cmake/ros2_zhongli_bridge_cppConfig.cmake
[5.795s] -- Symlinking: /home/yhg/Documents/docs/zhongli/cpp_version/install/ros2_zhongli_bridge_cpp/share/ros2_zhongli_bridge_cpp/cmake/ros2_zhongli_bridge_cppConfig-version.cmake
[5.804s] -- Symlinking: /home/yhg/Documents/docs/zhongli/cpp_version/install/ros2_zhongli_bridge_cpp/share/ros2_zhongli_bridge_cpp/package.xml
[5.818s] Invoked command in '/home/yhg/Documents/docs/zhongli/cpp_version/build/ros2_zhongli_bridge_cpp' returned '0': CMAKE_PREFIX_PATH=/opt/ros/humble /usr/bin/cmake --install /home/yhg/Documents/docs/zhongli/cpp_version/build/ros2_zhongli_bridge_cpp
